<?xml version="1.0" encoding="UTF-8"?>
<testng-results ignored="0" total="2" passed="2" failed="0" skipped="0">
  <reporter-output>
  </reporter-output>
  <suite started-at="2023-05-31T17:13:44 IST" name="Automation Suite" finished-at="2023-05-31T17:14:21 IST" duration-ms="37464">
    <groups>
      <group name="sanity">
        <method signature="TC__001__Registration.Test__Registration()[pri:0, instance:testCases.TC__001__Registration@4b741d6d]" name="Test__Registration" class="testCases.TC__001__Registration"/>
        <method signature="TC__002__Login.Test__Login()[pri:0, instance:testCases.TC__002__Login@74ea2410]" name="Test__Login" class="testCases.TC__002__Login"/>
      </group> <!-- sanity -->
    </groups>
    <test started-at="2023-05-31T17:13:44 IST" name="Automation Tests" finished-at="2023-05-31T17:14:21 IST" duration-ms="37464">
      <class name="testCases.TC__002__Login">
        <test-method is-config="true" signature="Setup()[pri:0, instance:testCases.TC__002__Login@74ea2410]" started-at="2023-05-31T17:14:00 IST" name="Setup" finished-at="2023-05-31T17:14:07 IST" duration-ms="7793" status="PASS">
          <reporter-output>
          </reporter-output>
        </test-method> <!-- Setup -->
        <test-method signature="Test__Login()[pri:0, instance:testCases.TC__002__Login@74ea2410]" started-at="2023-05-31T17:14:07 IST" name="Test__Login" finished-at="2023-05-31T17:14:21 IST" duration-ms="13704" status="PASS">
          <reporter-output>
          </reporter-output>
        </test-method> <!-- Test__Login -->
        <test-method is-config="true" signature="Tear()[pri:0, instance:testCases.TC__002__Login@74ea2410]" started-at="2023-05-31T17:14:21 IST" name="Tear" finished-at="2023-05-31T17:14:21 IST" duration-ms="85" status="PASS">
          <reporter-output>
          </reporter-output>
        </test-method> <!-- Tear -->
      </class> <!-- testCases.TC__002__Login -->
      <class name="testCases.TC__001__Registration">
        <test-method is-config="true" signature="Setup()[pri:0, instance:testCases.TC__001__Registration@4b741d6d]" started-at="2023-05-31T17:13:44 IST" name="Setup" finished-at="2023-05-31T17:13:53 IST" duration-ms="8999" status="PASS">
          <reporter-output>
          </reporter-output>
        </test-method> <!-- Setup -->
        <test-method signature="Test__Registration()[pri:0, instance:testCases.TC__001__Registration@4b741d6d]" started-at="2023-05-31T17:13:53 IST" name="Test__Registration" finished-at="2023-05-31T17:14:00 IST" duration-ms="6568" status="PASS">
          <reporter-output>
          </reporter-output>
        </test-method> <!-- Test__Registration -->
        <test-method is-config="true" signature="Tear()[pri:0, instance:testCases.TC__001__Registration@4b741d6d]" started-at="2023-05-31T17:14:00 IST" name="Tear" finished-at="2023-05-31T17:14:00 IST" duration-ms="91" status="PASS">
          <reporter-output>
          </reporter-output>
        </test-method> <!-- Tear -->
      </class> <!-- testCases.TC__001__Registration -->
    </test> <!-- Automation Tests -->
  </suite> <!-- Automation Suite -->
</testng-results>
